<?xml version="1.0" encoding="UTF-8"?>
<!-- Generated by org.testng.reporters.JUnitReportReporter -->
<testsuite hostname="LAPTOP-VPBM84N4" failures="0" tests="2" name="com.crm.qa.tests.ContactsPageTest" time="40.628" errors="0" timestamp="2022-07-21T22:14:29 EDT" skipped="0">
  <testcase classname="com.crm.qa.tests.ContactsPageTest" name="validateCreateNewContact" time="20.643"/>
  <system-out/>
  <testcase classname="com.crm.qa.tests.ContactsPageTest" name="validateCreateNewContact" time="19.985"/>
  <system-out/>
</testsuite> <!-- com.crm.qa.tests.ContactsPageTest -->
