<?xml version="1.0" encoding="UTF-8"?>
<!-- Generated by org.testng.reporters.JUnitReportReporter -->
<testsuite hostname="LAPTOP-VPBM84N4" failures="0" tests="2" name="com.crm.qa.tests.LoginTest" time="12.097" errors="0" timestamp="2022-07-18T21:03:40 EDT" skipped="0">
  <testcase classname="com.crm.qa.tests.LoginTest" name="loginPageTitleTest" time="3.270"/>
  <system-out/>
  <testcase classname="com.crm.qa.tests.LoginTest" name="loginTest" time="8.827"/>
  <system-out/>
</testsuite> <!-- com.crm.qa.tests.LoginTest -->
