<?xml version="1.0" encoding="UTF-8"?>
<!-- Generated by org.testng.reporters.JUnitReportReporter -->
<testsuite hostname="LAPTOP-VPBM84N4" failures="0" tests="3" name="com.crm.qa.tests.HomePageTest" time="28.103" errors="0" timestamp="2022-07-18T21:03:40 EDT" skipped="0">
  <testcase classname="com.crm.qa.tests.HomePageTest" name="verifyHomePageTitleTest" time="8.818"/>
  <system-out/>
  <testcase classname="com.crm.qa.tests.HomePageTest" name="verifyUserNameTest" time="9.670"/>
  <system-out/>
  <testcase classname="com.crm.qa.tests.HomePageTest" name="verifyContactsLinkTest" time="9.615"/>
  <system-out/>
</testsuite> <!-- com.crm.qa.tests.HomePageTest -->
