<?xml version="1.0" encoding="UTF-8"?>
<!-- Generated by org.testng.reporters.JUnitReportReporter -->
<testsuite hostname="LAPTOP-VPBM84N4" failures="0" tests="4" name="com.crm.qa.tests.ContactsPageTest" time="75.807" errors="0" timestamp="2022-07-26T20:54:36 EDT" skipped="0">
  <testcase classname="com.crm.qa.tests.ContactsPageTest" name="verifyContactsPageLabel" time="14.734"/>
  <system-out/>
  <testcase classname="com.crm.qa.tests.ContactsPageTest" name="selectContactsTest" time="18.925"/>
  <system-out/>
  <testcase classname="com.crm.qa.tests.ContactsPageTest" name="validateCreateNewContact" time="21.359"/>
  <system-out/>
  <testcase classname="com.crm.qa.tests.ContactsPageTest" name="validateCreateNewContact" time="20.789"/>
  <system-out/>
</testsuite> <!-- com.crm.qa.tests.ContactsPageTest -->
