<?xml version="1.0" encoding="UTF-8"?>
<!-- Generated by org.testng.reporters.JUnitReportReporter -->
<testsuite hostname="LAPTOP-VPBM84N4" failures="0" tests="3" name="com.crm.qa.tests.HomePageTest" time="34.032" errors="0" timestamp="2022-07-26T20:54:36 EDT" skipped="0">
  <testcase classname="com.crm.qa.tests.HomePageTest" name="verifyHomePageTitleTest" time="10.311"/>
  <system-out/>
  <testcase classname="com.crm.qa.tests.HomePageTest" name="verifyUserNameTest" time="11.989"/>
  <system-out/>
  <testcase classname="com.crm.qa.tests.HomePageTest" name="verifyContactsLinkTest" time="11.732"/>
  <system-out/>
</testsuite> <!-- com.crm.qa.tests.HomePageTest -->
