<?xml version="1.0" encoding="UTF-8"?>
<!-- Generated by org.testng.reporters.JUnitReportReporter -->
<testsuite hostname="LAPTOP-VPBM84N4" failures="0" tests="2" name="com.crm.qa.tests.LoginTest" time="14.672" errors="0" timestamp="2022-07-26T20:54:36 EDT" skipped="0">
  <testcase classname="com.crm.qa.tests.LoginTest" name="loginPageTitleTest" time="2.035"/>
  <system-out/>
  <testcase classname="com.crm.qa.tests.LoginTest" name="loginTest" time="12.637"/>
  <system-out/>
</testsuite> <!-- com.crm.qa.tests.LoginTest -->
